<?xml version="1.0" encoding="UTF-8"?>
<testsuite xmlns:xsi="http://www.w3.org/2001/XMLSchema-instance" xsi:noNamespaceSchemaLocation="https://maven.apache.org/surefire/maven-surefire-plugin/xsd/surefire-test-report-3.0.xsd" version="3.0" name="TestSuite" time="17.157" tests="6" errors="0" skipped="0" failures="0">
  <properties>
    <property name="sun.desktop" value="windows"/>
    <property name="awt.toolkit" value="sun.awt.windows.WToolkit"/>
    <property name="file.encoding.pkg" value="sun.io"/>
    <property name="java.specification.version" value="1.8"/>
    <property name="sun.cpu.isalist" value="amd64"/>
    <property name="sun.jnu.encoding" value="Cp1252"/>
    <property name="java.class.path" value="C:\Users\inpthor\Desktop\My_Stuff\From_Telus\My_stuff\Rest API\REST Assured API Automation + Framework From Zero to Hero!\Code\SpotifyFramework\target\test-classes;C:\Users\inpthor\Desktop\My_Stuff\From_Telus\My_stuff\Rest API\REST Assured API Automation + Framework From Zero to Hero!\Code\SpotifyFramework\target\classes;C:\Users\inpthor\.m2\repository\io\rest-assured\rest-assured\4.4.0\rest-assured-4.4.0.jar;C:\Users\inpthor\.m2\repository\org\codehaus\groovy\groovy\3.0.8\groovy-3.0.8.jar;C:\Users\inpthor\.m2\repository\org\codehaus\groovy\groovy-xml\3.0.8\groovy-xml-3.0.8.jar;C:\Users\inpthor\.m2\repository\org\apache\httpcomponents\httpclient\4.5.13\httpclient-4.5.13.jar;C:\Users\inpthor\.m2\repository\org\apache\httpcomponents\httpcore\4.4.13\httpcore-4.4.13.jar;C:\Users\inpthor\.m2\repository\commons-logging\commons-logging\1.2\commons-logging-1.2.jar;C:\Users\inpthor\.m2\repository\commons-codec\commons-codec\1.11\commons-codec-1.11.jar;C:\Users\inpthor\.m2\repository\org\apache\httpcomponents\httpmime\4.5.13\httpmime-4.5.13.jar;C:\Users\inpthor\.m2\repository\org\hamcrest\hamcrest\2.1\hamcrest-2.1.jar;C:\Users\inpthor\.m2\repository\org\ccil\cowan\tagsoup\tagsoup\1.2.1\tagsoup-1.2.1.jar;C:\Users\inpthor\.m2\repository\io\rest-assured\json-path\4.4.0\json-path-4.4.0.jar;C:\Users\inpthor\.m2\repository\org\codehaus\groovy\groovy-json\3.0.8\groovy-json-3.0.8.jar;C:\Users\inpthor\.m2\repository\io\rest-assured\rest-assured-common\4.4.0\rest-assured-common-4.4.0.jar;C:\Users\inpthor\.m2\repository\io\rest-assured\xml-path\4.4.0\xml-path-4.4.0.jar;C:\Users\inpthor\.m2\repository\jakarta\xml\bind\jakarta.xml.bind-api\2.3.3\jakarta.xml.bind-api-2.3.3.jar;C:\Users\inpthor\.m2\repository\jakarta\activation\jakarta.activation-api\1.2.2\jakarta.activation-api-1.2.2.jar;C:\Users\inpthor\.m2\repository\com\sun\xml\bind\jaxb-impl\2.3.3\jaxb-impl-2.3.3.jar;C:\Users\inpthor\.m2\repository\org\testng\testng\7.4.0\testng-7.4.0.jar;C:\Users\inpthor\.m2\repository\com\beust\jcommander\1.78\jcommander-1.78.jar;C:\Users\inpthor\.m2\repository\org\webjars\jquery\3.5.1\jquery-3.5.1.jar;C:\Users\inpthor\.m2\repository\com\github\javafaker\javafaker\1.0.2\javafaker-1.0.2.jar;C:\Users\inpthor\.m2\repository\org\apache\commons\commons-lang3\3.5\commons-lang3-3.5.jar;C:\Users\inpthor\.m2\repository\org\yaml\snakeyaml\1.23\snakeyaml-1.23-android.jar;C:\Users\inpthor\.m2\repository\com\github\mifmif\generex\1.0.2\generex-1.0.2.jar;C:\Users\inpthor\.m2\repository\dk\brics\automaton\automaton\1.11-8\automaton-1.11-8.jar;C:\Users\inpthor\.m2\repository\io\rest-assured\json-schema-validator\4.4.0\json-schema-validator-4.4.0.jar;C:\Users\inpthor\.m2\repository\com\github\java-json-tools\json-schema-validator\2.2.14\json-schema-validator-2.2.14.jar;C:\Users\inpthor\.m2\repository\com\google\guava\guava\28.2-android\guava-28.2-android.jar;C:\Users\inpthor\.m2\repository\com\google\guava\failureaccess\1.0.1\failureaccess-1.0.1.jar;C:\Users\inpthor\.m2\repository\com\google\guava\listenablefuture\9999.0-empty-to-avoid-conflict-with-guava\listenablefuture-9999.0-empty-to-avoid-conflict-with-guava.jar;C:\Users\inpthor\.m2\repository\org\checkerframework\checker-compat-qual\2.5.5\checker-compat-qual-2.5.5.jar;C:\Users\inpthor\.m2\repository\com\google\errorprone\error_prone_annotations\2.3.4\error_prone_annotations-2.3.4.jar;C:\Users\inpthor\.m2\repository\com\google\j2objc\j2objc-annotations\1.3\j2objc-annotations-1.3.jar;C:\Users\inpthor\.m2\repository\com\github\java-json-tools\jackson-coreutils-equivalence\1.0\jackson-coreutils-equivalence-1.0.jar;C:\Users\inpthor\.m2\repository\com\github\java-json-tools\jackson-coreutils\2.0\jackson-coreutils-2.0.jar;C:\Users\inpthor\.m2\repository\com\github\java-json-tools\msg-simple\1.2\msg-simple-1.2.jar;C:\Users\inpthor\.m2\repository\com\github\java-json-tools\btf\1.3\btf-1.3.jar;C:\Users\inpthor\.m2\repository\com\github\java-json-tools\json-schema-core\1.2.14\json-schema-core-1.2.14.jar;C:\Users\inpthor\.m2\repository\com\github\java-json-tools\uri-template\0.10\uri-template-0.10.jar;C:\Users\inpthor\.m2\repository\org\mozilla\rhino\1.7.7.2\rhino-1.7.7.2.jar;C:\Users\inpthor\.m2\repository\com\sun\mail\mailapi\1.6.2\mailapi-1.6.2.jar;C:\Users\inpthor\.m2\repository\joda-time\joda-time\2.10.5\joda-time-2.10.5.jar;C:\Users\inpthor\.m2\repository\com\googlecode\libphonenumber\libphonenumber\8.11.1\libphonenumber-8.11.1.jar;C:\Users\inpthor\.m2\repository\com\google\code\findbugs\jsr305\3.0.2\jsr305-3.0.2.jar;C:\Users\inpthor\.m2\repository\net\sf\jopt-simple\jopt-simple\5.0.4\jopt-simple-5.0.4.jar;C:\Users\inpthor\.m2\repository\com\fasterxml\jackson\core\jackson-databind\2.12.3\jackson-databind-2.12.3.jar;C:\Users\inpthor\.m2\repository\com\fasterxml\jackson\core\jackson-annotations\2.12.3\jackson-annotations-2.12.3.jar;C:\Users\inpthor\.m2\repository\com\fasterxml\jackson\core\jackson-core\2.12.3\jackson-core-2.12.3.jar;C:\Users\inpthor\.m2\repository\org\projectlombok\lombok\1.18.20\lombok-1.18.20.jar;C:\Users\inpthor\.m2\repository\io\qameta\allure\allure-testng\2.13.8\allure-testng-2.13.8.jar;C:\Users\inpthor\.m2\repository\io\qameta\allure\allure-java-commons\2.13.8\allure-java-commons-2.13.8.jar;C:\Users\inpthor\.m2\repository\io\qameta\allure\allure-model\2.13.8\allure-model-2.13.8.jar;C:\Users\inpthor\.m2\repository\org\slf4j\slf4j-api\1.7.30\slf4j-api-1.7.30.jar;C:\Users\inpthor\.m2\repository\org\apache\tika\tika-core\1.24.1\tika-core-1.24.1.jar;C:\Users\inpthor\.m2\repository\org\jooq\joor-java-8\0.9.13\joor-java-8-0.9.13.jar;"/>
    <property name="java.vm.vendor" value="Oracle Corporation"/>
    <property name="sun.arch.data.model" value="64"/>
    <property name="BASE_URI_ACCOUNT_API" value="https://accounts.spotify.com"/>
    <property name="user.variant" value=""/>
    <property name="java.vendor.url" value="http://java.oracle.com/"/>
    <property name="user.timezone" value="Asia/Calcutta"/>
    <property name="java.vm.specification.version" value="1.8"/>
    <property name="os.name" value="Windows 10"/>
    <property name="user.country" value="IN"/>
    <property name="sun.java.launcher" value="SUN_STANDARD"/>
    <property name="sun.boot.library.path" value="C:\Program Files\Java\jdk1.8.0_181\jre\bin"/>
    <property name="sun.java.command" value="C:\Users\inpthor\AppData\Local\Temp\surefire1575879664757590775\surefirebooter5059147641905020052.jar C:\Users\inpthor\AppData\Local\Temp\surefire1575879664757590775 2021-06-21T16-28-37_083-jvmRun1 surefire1697827141018534240tmp surefire_04135811136443721494tmp"/>
    <property name="surefire.test.class.path" value="C:\Users\inpthor\Desktop\My_Stuff\From_Telus\My_stuff\Rest API\REST Assured API Automation + Framework From Zero to Hero!\Code\SpotifyFramework\target\test-classes;C:\Users\inpthor\Desktop\My_Stuff\From_Telus\My_stuff\Rest API\REST Assured API Automation + Framework From Zero to Hero!\Code\SpotifyFramework\target\classes;C:\Users\inpthor\.m2\repository\io\rest-assured\rest-assured\4.4.0\rest-assured-4.4.0.jar;C:\Users\inpthor\.m2\repository\org\codehaus\groovy\groovy\3.0.8\groovy-3.0.8.jar;C:\Users\inpthor\.m2\repository\org\codehaus\groovy\groovy-xml\3.0.8\groovy-xml-3.0.8.jar;C:\Users\inpthor\.m2\repository\org\apache\httpcomponents\httpclient\4.5.13\httpclient-4.5.13.jar;C:\Users\inpthor\.m2\repository\org\apache\httpcomponents\httpcore\4.4.13\httpcore-4.4.13.jar;C:\Users\inpthor\.m2\repository\commons-logging\commons-logging\1.2\commons-logging-1.2.jar;C:\Users\inpthor\.m2\repository\commons-codec\commons-codec\1.11\commons-codec-1.11.jar;C:\Users\inpthor\.m2\repository\org\apache\httpcomponents\httpmime\4.5.13\httpmime-4.5.13.jar;C:\Users\inpthor\.m2\repository\org\hamcrest\hamcrest\2.1\hamcrest-2.1.jar;C:\Users\inpthor\.m2\repository\org\ccil\cowan\tagsoup\tagsoup\1.2.1\tagsoup-1.2.1.jar;C:\Users\inpthor\.m2\repository\io\rest-assured\json-path\4.4.0\json-path-4.4.0.jar;C:\Users\inpthor\.m2\repository\org\codehaus\groovy\groovy-json\3.0.8\groovy-json-3.0.8.jar;C:\Users\inpthor\.m2\repository\io\rest-assured\rest-assured-common\4.4.0\rest-assured-common-4.4.0.jar;C:\Users\inpthor\.m2\repository\io\rest-assured\xml-path\4.4.0\xml-path-4.4.0.jar;C:\Users\inpthor\.m2\repository\jakarta\xml\bind\jakarta.xml.bind-api\2.3.3\jakarta.xml.bind-api-2.3.3.jar;C:\Users\inpthor\.m2\repository\jakarta\activation\jakarta.activation-api\1.2.2\jakarta.activation-api-1.2.2.jar;C:\Users\inpthor\.m2\repository\com\sun\xml\bind\jaxb-impl\2.3.3\jaxb-impl-2.3.3.jar;C:\Users\inpthor\.m2\repository\org\testng\testng\7.4.0\testng-7.4.0.jar;C:\Users\inpthor\.m2\repository\com\beust\jcommander\1.78\jcommander-1.78.jar;C:\Users\inpthor\.m2\repository\org\webjars\jquery\3.5.1\jquery-3.5.1.jar;C:\Users\inpthor\.m2\repository\com\github\javafaker\javafaker\1.0.2\javafaker-1.0.2.jar;C:\Users\inpthor\.m2\repository\org\apache\commons\commons-lang3\3.5\commons-lang3-3.5.jar;C:\Users\inpthor\.m2\repository\org\yaml\snakeyaml\1.23\snakeyaml-1.23-android.jar;C:\Users\inpthor\.m2\repository\com\github\mifmif\generex\1.0.2\generex-1.0.2.jar;C:\Users\inpthor\.m2\repository\dk\brics\automaton\automaton\1.11-8\automaton-1.11-8.jar;C:\Users\inpthor\.m2\repository\io\rest-assured\json-schema-validator\4.4.0\json-schema-validator-4.4.0.jar;C:\Users\inpthor\.m2\repository\com\github\java-json-tools\json-schema-validator\2.2.14\json-schema-validator-2.2.14.jar;C:\Users\inpthor\.m2\repository\com\google\guava\guava\28.2-android\guava-28.2-android.jar;C:\Users\inpthor\.m2\repository\com\google\guava\failureaccess\1.0.1\failureaccess-1.0.1.jar;C:\Users\inpthor\.m2\repository\com\google\guava\listenablefuture\9999.0-empty-to-avoid-conflict-with-guava\listenablefuture-9999.0-empty-to-avoid-conflict-with-guava.jar;C:\Users\inpthor\.m2\repository\org\checkerframework\checker-compat-qual\2.5.5\checker-compat-qual-2.5.5.jar;C:\Users\inpthor\.m2\repository\com\google\errorprone\error_prone_annotations\2.3.4\error_prone_annotations-2.3.4.jar;C:\Users\inpthor\.m2\repository\com\google\j2objc\j2objc-annotations\1.3\j2objc-annotations-1.3.jar;C:\Users\inpthor\.m2\repository\com\github\java-json-tools\jackson-coreutils-equivalence\1.0\jackson-coreutils-equivalence-1.0.jar;C:\Users\inpthor\.m2\repository\com\github\java-json-tools\jackson-coreutils\2.0\jackson-coreutils-2.0.jar;C:\Users\inpthor\.m2\repository\com\github\java-json-tools\msg-simple\1.2\msg-simple-1.2.jar;C:\Users\inpthor\.m2\repository\com\github\java-json-tools\btf\1.3\btf-1.3.jar;C:\Users\inpthor\.m2\repository\com\github\java-json-tools\json-schema-core\1.2.14\json-schema-core-1.2.14.jar;C:\Users\inpthor\.m2\repository\com\github\java-json-tools\uri-template\0.10\uri-template-0.10.jar;C:\Users\inpthor\.m2\repository\org\mozilla\rhino\1.7.7.2\rhino-1.7.7.2.jar;C:\Users\inpthor\.m2\repository\com\sun\mail\mailapi\1.6.2\mailapi-1.6.2.jar;C:\Users\inpthor\.m2\repository\joda-time\joda-time\2.10.5\joda-time-2.10.5.jar;C:\Users\inpthor\.m2\repository\com\googlecode\libphonenumber\libphonenumber\8.11.1\libphonenumber-8.11.1.jar;C:\Users\inpthor\.m2\repository\com\google\code\findbugs\jsr305\3.0.2\jsr305-3.0.2.jar;C:\Users\inpthor\.m2\repository\net\sf\jopt-simple\jopt-simple\5.0.4\jopt-simple-5.0.4.jar;C:\Users\inpthor\.m2\repository\com\fasterxml\jackson\core\jackson-databind\2.12.3\jackson-databind-2.12.3.jar;C:\Users\inpthor\.m2\repository\com\fasterxml\jackson\core\jackson-annotations\2.12.3\jackson-annotations-2.12.3.jar;C:\Users\inpthor\.m2\repository\com\fasterxml\jackson\core\jackson-core\2.12.3\jackson-core-2.12.3.jar;C:\Users\inpthor\.m2\repository\org\projectlombok\lombok\1.18.20\lombok-1.18.20.jar;C:\Users\inpthor\.m2\repository\io\qameta\allure\allure-testng\2.13.8\allure-testng-2.13.8.jar;C:\Users\inpthor\.m2\repository\io\qameta\allure\allure-java-commons\2.13.8\allure-java-commons-2.13.8.jar;C:\Users\inpthor\.m2\repository\io\qameta\allure\allure-model\2.13.8\allure-model-2.13.8.jar;C:\Users\inpthor\.m2\repository\org\slf4j\slf4j-api\1.7.30\slf4j-api-1.7.30.jar;C:\Users\inpthor\.m2\repository\org\apache\tika\tika-core\1.24.1\tika-core-1.24.1.jar;C:\Users\inpthor\.m2\repository\org\jooq\joor-java-8\0.9.13\joor-java-8-0.9.13.jar;"/>
    <property name="sun.cpu.endian" value="little"/>
    <property name="user.home" value="C:\Users\inpthor"/>
    <property name="user.language" value="en"/>
    <property name="java.specification.vendor" value="Oracle Corporation"/>
    <property name="java.home" value="C:\Program Files\Java\jdk1.8.0_181\jre"/>
    <property name="basedir" value="C:\Users\inpthor\Desktop\My_Stuff\From_Telus\My_stuff\Rest API\REST Assured API Automation + Framework From Zero to Hero!\Code\SpotifyFramework"/>
    <property name="file.separator" value="\"/>
    <property name="line.separator" value="&#10;"/>
    <property name="java.vm.specification.vendor" value="Oracle Corporation"/>
    <property name="java.specification.name" value="Java Platform API Specification"/>
    <property name="java.awt.graphicsenv" value="sun.awt.Win32GraphicsEnvironment"/>
    <property name="surefire.real.class.path" value="C:\Users\inpthor\AppData\Local\Temp\surefire1575879664757590775\surefirebooter5059147641905020052.jar;C:\Users\inpthor\.m2\repository/org/aspectj/aspectjweaver/1.8.10/aspectjweaver-1.8.10.jar"/>
    <property name="sun.boot.class.path" value="C:\Program Files\Java\jdk1.8.0_181\jre\lib\resources.jar;C:\Program Files\Java\jdk1.8.0_181\jre\lib\rt.jar;C:\Program Files\Java\jdk1.8.0_181\jre\lib\sunrsasign.jar;C:\Program Files\Java\jdk1.8.0_181\jre\lib\jsse.jar;C:\Program Files\Java\jdk1.8.0_181\jre\lib\jce.jar;C:\Program Files\Java\jdk1.8.0_181\jre\lib\charsets.jar;C:\Program Files\Java\jdk1.8.0_181\jre\lib\jfr.jar;C:\Program Files\Java\jdk1.8.0_181\jre\classes"/>
    <property name="user.script" value=""/>
    <property name="BASE_URI" value="https://api.spotify.com"/>
    <property name="sun.management.compiler" value="HotSpot 64-Bit Tiered Compilers"/>
    <property name="java.runtime.version" value="1.8.0_181-b13"/>
    <property name="user.name" value="inpthor"/>
    <property name="path.separator" value=";"/>
    <property name="os.version" value="10.0"/>
    <property name="java.endorsed.dirs" value="C:\Program Files\Java\jdk1.8.0_181\jre\lib\endorsed"/>
    <property name="java.runtime.name" value="Java(TM) SE Runtime Environment"/>
    <property name="file.encoding" value="Cp1252"/>
    <property name="java.vm.name" value="Java HotSpot(TM) 64-Bit Server VM"/>
    <property name="localRepository" value="C:\Users\inpthor\.m2\repository"/>
    <property name="java.vendor.url.bug" value="http://bugreport.sun.com/bugreport/"/>
    <property name="java.io.tmpdir" value="C:\Users\inpthor\AppData\Local\Temp\"/>
    <property name="java.version" value="1.8.0_181"/>
    <property name="user.dir" value="C:\Users\inpthor\Desktop\My_Stuff\From_Telus\My_stuff\Rest API\REST Assured API Automation + Framework From Zero to Hero!\Code\SpotifyFramework"/>
    <property name="os.arch" value="amd64"/>
    <property name="java.vm.specification.name" value="Java Virtual Machine Specification"/>
    <property name="java.awt.printerjob" value="sun.awt.windows.WPrinterJob"/>
    <property name="sun.os.patch.level" value=""/>
    <property name="java.library.path" value="C:\Program Files\Java\jdk1.8.0_181\jre\bin;C:\WINDOWS\Sun\Java\bin;C:\WINDOWS\system32;C:\WINDOWS;C:\ProgramData\DockerDesktop\version-bin;C:\Program Files\Docker\Docker\Resources\bin;C:\Users\inpthor\AppData\Local\Programs\Python\Python39;C:\Users\inpthor\AppData\Local\Programs\Python\Python39\Scripts;C:\Program Files\Java\jdk1.8.0_181\;C:\app\oracle\product\11203\client64\bin;C:\app\oracle\product\11203\client32\bin;C:\Program Files\Microsoft MPI\Bin\;C:\Program Files (x86)\Common Files\Oracle\Java\javapath;C:\WINDOWS\system32;C:\WINDOWS;C:\WINDOWS\System32\Wbem;C:\WINDOWS\System32\WindowsPowerShell\v1.0\;C:\Program Files (x86)\CheckPoint\Endpoint Security\Endpoint Common\bin;C:\Program Files\Java\jdk1.8.0_181\bin;C:\Program Files\apache-maven-3.5.4\bin;C:\WINDOWS\System32\OpenSSH\;C:\Program Files\Microsoft SQL Server\130\Tools\Binn\;C:\Program Files\dotnet\;C:\Users\inpthor\AppData\Roaming\npm;C:\Program Files\nodejs\;C:\ProgramData\chocolatey\bin;C:\Program Files\TortoiseSVN\bin;C:\Program Files (x86)\scala\bin;C:\Program Files\Git\cmd;C:\HashiCorp\Vagrant\bin;C:\Users\inpthor\scoop\shims;C:\Users\inpthor\AppData\Local\Programs\Python\Python39\Scripts\;C:\Users\inpthor\AppData\Local\Programs\Python\Python39\;C:\Users\inpthor\AppData\Local\Microsoft\WindowsApps;C:\Program Files\Java\jdk1.8.0_181\bin;C:\Users\inpthor\AppData\Local\Programs\Microsoft VS Code\bin;C:\Users\inpthor\AppData\Roaming\npm;C:\Users\inpthor\.dotnet\tools;C:\Program Files\JetBrains\PyCharm Community Edition 2020.2.3\bin;;C:\Users\inpthor\AppData\Local\GitHubDesktop\bin;C:\Program Files\nodejs\;;C:\Users\inpthor\AppData\Local\Microsoft\WindowsApps;C:\Program Files\JetBrains\IntelliJ IDEA Community Edition 2021.1.1\bin;;."/>
    <property name="java.vm.info" value="mixed mode"/>
    <property name="java.vendor" value="Oracle Corporation"/>
    <property name="java.vm.version" value="25.181-b13"/>
    <property name="java.ext.dirs" value="C:\Program Files\Java\jdk1.8.0_181\jre\lib\ext;C:\WINDOWS\Sun\Java\lib\ext"/>
    <property name="sun.io.unicode.encoding" value="UnicodeLittle"/>
    <property name="java.class.version" value="52.0"/>
  </properties>
  <testcase name="getUserDetails" classname="com.spotify.oauth2.test.PlaylistTest" time="7.834">
    <system-out><![CDATA[Starting TestgetUserDetails
Thread Id1
Inside Spec builderhttps://api.spotify.comhttps://accounts.spotify.com
Request method:	GET
Request URI:	https://api.spotify.com/v1/v1/me
Proxy:			<none>
Request params:	<none>
Query params:	<none>
Form params:	<none>
Path params:	<none>
Headers:		Accept=*/*
				Content-Type=application/json
Cookies:		<none>
Multiparts:		<none>
Body:			<none>
HTTP/1.1 401 Unauthorized
www-authenticate: Bearer realm="spotify"
access-control-allow-origin: *
access-control-allow-headers: Accept, App-Platform, Authorization, Content-Type, Origin, Retry-After, Spotify-App-Version, X-Cloud-Trace-Context, client-token, content-access-token
access-control-allow-methods: GET, POST, OPTIONS, PUT, DELETE, PATCH
access-control-allow-credentials: true
access-control-max-age: 604800
content-type: application/json
content-encoding: gzip
strict-transport-security: max-age=31536000
x-content-type-options: nosniff
date: Mon, 21 Jun 2021 10:58:49 GMT
server: envoy
Via: HTTP/2 edgeproxy, 1.1 google
Alt-Svc: clear
Transfer-Encoding: chunked

{
    "error": {
        "status": 401,
        "message": "No token provided"
    }
}
User id is : null
]]></system-out>
    <system-err><![CDATA[SLF4J: Failed to load class "org.slf4j.impl.StaticLoggerBinder".
SLF4J: Defaulting to no-operation (NOP) logger implementation
SLF4J: See http://www.slf4j.org/codes.html#StaticLoggerBinder for further details.
]]></system-err>
  </testcase>
  <testcase name="negativeTestCreatePlaylistWithExpiredToken" classname="com.spotify.oauth2.test.PlaylistTest" time="1.232">
    <system-out><![CDATA[Starting TestnegativeTestCreatePlaylistWithExpiredToken
Thread Id1
Inside Spec builderhttps://api.spotify.comhttps://accounts.spotify.com
Request method:	POST
Request URI:	https://api.spotify.com/v1/users/31ztswymwnzjxtw5ohbebplwf7zi/playlists/
Proxy:			<none>
Request params:	<none>
Query params:	<none>
Form params:	<none>
Path params:	<none>
Headers:		Accept=*/*
				Content-Type=application/json
Cookies:		<none>
Multiparts:		<none>
Body:
{
    "description": "Update desciprtion with pojo",
    "name": "Update Name with pojo",
    "public": false
}
HTTP/1.1 401 Unauthorized
www-authenticate: Bearer realm="spotify", error="invalid_token", error_description="Invalid access token"
access-control-allow-origin: *
access-control-allow-headers: Accept, App-Platform, Authorization, Content-Type, Origin, Retry-After, Spotify-App-Version, X-Cloud-Trace-Context, client-token, content-access-token
access-control-allow-methods: GET, POST, OPTIONS, PUT, DELETE, PATCH
access-control-allow-credentials: true
access-control-max-age: 604800
content-type: application/json
content-encoding: gzip
strict-transport-security: max-age=31536000
x-content-type-options: nosniff
date: Mon, 21 Jun 2021 10:58:53 GMT
server: envoy
Via: HTTP/2 edgeproxy, 1.1 google
Alt-Svc: clear
Transfer-Encoding: chunked

{
    "error": {
        "status": 401,
        "message": "Invalid access token"
    }
}
]]></system-out>
  </testcase>
  <testcase name="negativeTestCreatePlaylistWithNoBody" classname="com.spotify.oauth2.test.PlaylistTest" time="1.937">
    <system-out><![CDATA[Starting TestnegativeTestCreatePlaylistWithNoBody
Thread Id1
Inside Get Token
Generating new Token
HTTP/1.1 200 OK
date: Mon, 21 Jun 2021 10:58:54 GMT
content-type: application/json
vary: Accept-Encoding
set-cookie: __HOST-sp_fid=de5edb76-00aa-4180-a1b3-45f69657200a;Version=1;Path=/;Secure;HttpOnly;SameSite=None
set-cookie: __Host-device_id=AQAWp85LPNS6fHa1qSPQLyn-zWuYxb8-NlAwPJeku1I5wRwvMJSuuiyFErfgXf92FjmF7kaaL2D_Q0nQPqX1_th4FUvXPtvMKPI;Version=1;Path=/;Max-Age=2147483647;Secure;HttpOnly;SameSite=Lax
sp-trace-id: c5351ca7e7b03cc5
content-encoding: gzip
strict-transport-security: max-age=31536000
x-content-type-options: nosniff
server: envoy
Via: HTTP/2 edgeproxy, 1.1 google
Alt-Svc: clear
Transfer-Encoding: chunked

{
    "access_token": "BQCRQnFKAtzhLb3NcrdbygJi3xHfKW8CYUfEQ2cq4rpVn--qyAyVqLUGebjzy031kGEFcjm9WDZV8Ix54roPv3PSKeNl_yWQCVo6eQV13jmXCHRT4nvFGteSgJ9sZHzAXLusaRpxTSKbtIFwWTbqCx6lIaaTC1H8VpwKzYBFnhvpjf76kMGTUdtMc_qHKVyEa8TEo84wnxdZpDFB7uLLXRaWytkLFkViG3yg49rj8sLdFs5228lN",
    "token_type": "Bearer",
    "expires_in": 3600,
    "scope": "playlist-read-private playlist-read-collaborative playlist-modify-private playlist-modify-public"
}
Inside Spec builderhttps://api.spotify.comhttps://accounts.spotify.com
Request method:	POST
Request URI:	https://api.spotify.com/v1/users/31ztswymwnzjxtw5ohbebplwf7zi/playlists/
Proxy:			<none>
Request params:	<none>
Query params:	<none>
Form params:	<none>
Path params:	<none>
Headers:		Authorization=Bearer BQCRQnFKAtzhLb3NcrdbygJi3xHfKW8CYUfEQ2cq4rpVn--qyAyVqLUGebjzy031kGEFcjm9WDZV8Ix54roPv3PSKeNl_yWQCVo6eQV13jmXCHRT4nvFGteSgJ9sZHzAXLusaRpxTSKbtIFwWTbqCx6lIaaTC1H8VpwKzYBFnhvpjf76kMGTUdtMc_qHKVyEa8TEo84wnxdZpDFB7uLLXRaWytkLFkViG3yg49rj8sLdFs5228lN
				Accept=*/*
				Content-Type=application/json
Cookies:		<none>
Multiparts:		<none>
Body:			<none>
HTTP/1.1 400 Bad Request
content-type: application/json; charset=utf-8
cache-control: private, max-age=0
x-robots-tag: noindex, nofollow
access-control-allow-origin: *
access-control-allow-headers: Accept, App-Platform, Authorization, Content-Type, Origin, Retry-After, Spotify-App-Version, X-Cloud-Trace-Context, client-token, content-access-token
access-control-allow-methods: GET, POST, OPTIONS, PUT, DELETE, PATCH
access-control-allow-credentials: true
access-control-max-age: 604800
content-encoding: gzip
strict-transport-security: max-age=31536000
x-content-type-options: nosniff
date: Mon, 21 Jun 2021 10:58:54 GMT
server: envoy
Via: HTTP/2 edgeproxy, 1.1 google
Alt-Svc: clear
Transfer-Encoding: chunked

{
    "error": {
        "status": 400,
        "message": "Error parsing JSON."
    }
}
]]></system-out>
  </testcase>
  <testcase name="shouldBeAbleToCreatePlaylist" classname="com.spotify.oauth2.test.PlaylistTest" time="0.883">
    <system-out><![CDATA[Starting TestshouldBeAbleToCreatePlaylist
Thread Id1
Inside Get Token
Inside Spec builderhttps://api.spotify.comhttps://accounts.spotify.com
Request method:	POST
Request URI:	https://api.spotify.com/v1/users/31ztswymwnzjxtw5ohbebplwf7zi/playlists/
Proxy:			<none>
Request params:	<none>
Query params:	<none>
Form params:	<none>
Path params:	<none>
Headers:		Accept=*/*
				Content-Type=application/json
Cookies:		<none>
Multiparts:		<none>
Body:
{
    "description": "Playlist DescriptionmZ_5D,,k8_ 5,mk,l_,B -Z7c0qvy3e1 _4kX_du",
    "name": "Playlist Name : I5_ _f,1hb 0, 9j_ d9",
    "public": false
}
HTTP/1.1 201 Created
content-type: application/json; charset=utf-8
cache-control: private, max-age=0
location: https://api.spotify.com/v1/playlists/5p9aIujhOi0Y3SUYmb6uoM
x-robots-tag: noindex, nofollow
access-control-allow-origin: *
access-control-allow-headers: Accept, App-Platform, Authorization, Content-Type, Origin, Retry-After, Spotify-App-Version, X-Cloud-Trace-Context, client-token, content-access-token
access-control-allow-methods: GET, POST, OPTIONS, PUT, DELETE, PATCH
access-control-allow-credentials: true
access-control-max-age: 604800
content-encoding: gzip
strict-transport-security: max-age=31536000
x-content-type-options: nosniff
date: Mon, 21 Jun 2021 10:58:55 GMT
server: envoy
Via: HTTP/2 edgeproxy, 1.1 google
Alt-Svc: clear
Transfer-Encoding: chunked

{
    "collaborative": false,
    "description": "Playlist DescriptionmZ_5D,,k8_ 5,mk,l_,B -Z7c0qvy3e1 _4kX_du",
    "external_urls": {
        "spotify": "https://open.spotify.com/playlist/5p9aIujhOi0Y3SUYmb6uoM"
    },
    "followers": {
        "href": null,
        "total": 0
    },
    "href": "https://api.spotify.com/v1/playlists/5p9aIujhOi0Y3SUYmb6uoM",
    "id": "5p9aIujhOi0Y3SUYmb6uoM",
    "images": [
        
    ],
    "name": "Playlist Name : I5_ _f,1hb 0, 9j_ d9",
    "owner": {
        "display_name": "Pratik Thorve",
        "external_urls": {
            "spotify": "https://open.spotify.com/user/31ztswymwnzjxtw5ohbebplwf7zi"
        },
        "href": "https://api.spotify.com/v1/users/31ztswymwnzjxtw5ohbebplwf7zi",
        "id": "31ztswymwnzjxtw5ohbebplwf7zi",
        "type": "user",
        "uri": "spotify:user:31ztswymwnzjxtw5ohbebplwf7zi"
    },
    "primary_color": null,
    "public": false,
    "snapshot_id": "MSwwNTFlMDE5ZTcxMTk3OTk1ZjE5ZGVjOTRmOTI1ZThjOWYzZGE1NGVi",
    "tracks": {
        "href": "https://api.spotify.com/v1/playlists/5p9aIujhOi0Y3SUYmb6uoM/tracks",
        "items": [
            
        ],
        "limit": 100,
        "next": null,
        "offset": 0,
        "previous": null,
        "total": 0
    },
    "type": "playlist",
    "uri": "spotify:playlist:5p9aIujhOi0Y3SUYmb6uoM"
}
]]></system-out>
  </testcase>
  <testcase name="shouldBeAbleToGetAPlaylist" classname="com.spotify.oauth2.test.PlaylistTest" time="0.601">
    <system-out><![CDATA[Starting TestshouldBeAbleToGetAPlaylist
Thread Id1
Inside Get Token
Inside Spec builderhttps://api.spotify.comhttps://accounts.spotify.com
Request method:	GET
Request URI:	https://api.spotify.com/v1/users/31ztswymwnzjxtw5ohbebplwf7zi/playlists/22gaMJhJGXA2xszHeUhVmv
Proxy:			<none>
Request params:	<none>
Query params:	<none>
Form params:	<none>
Path params:	<none>
Headers:		Authorization=Bearer BQCRQnFKAtzhLb3NcrdbygJi3xHfKW8CYUfEQ2cq4rpVn--qyAyVqLUGebjzy031kGEFcjm9WDZV8Ix54roPv3PSKeNl_yWQCVo6eQV13jmXCHRT4nvFGteSgJ9sZHzAXLusaRpxTSKbtIFwWTbqCx6lIaaTC1H8VpwKzYBFnhvpjf76kMGTUdtMc_qHKVyEa8TEo84wnxdZpDFB7uLLXRaWytkLFkViG3yg49rj8sLdFs5228lN
				Accept=*/*
				Content-Type=application/json
Cookies:		<none>
Multiparts:		<none>
Body:			<none>
HTTP/1.1 200 OK
content-type: application/json; charset=utf-8
cache-control: public, max-age=0
etag: "MC-Ijk5MzNhYTNiNGJhNzA5ZmIzYTM1NDEzYTFmYjUxMzU1Ig=="
x-robots-tag: noindex, nofollow
access-control-allow-origin: *
access-control-allow-headers: Accept, App-Platform, Authorization, Content-Type, Origin, Retry-After, Spotify-App-Version, X-Cloud-Trace-Context, client-token, content-access-token
access-control-allow-methods: GET, POST, OPTIONS, PUT, DELETE, PATCH
access-control-allow-credentials: true
access-control-max-age: 604800
content-encoding: gzip
strict-transport-security: max-age=31536000
x-content-type-options: nosniff
date: Mon, 21 Jun 2021 10:58:56 GMT
server: envoy
Via: HTTP/2 edgeproxy, 1.1 google
Alt-Svc: clear
Transfer-Encoding: chunked

{
    "collaborative": false,
    "description": "Update desciprtion with pojo",
    "external_urls": {
        "spotify": "https://open.spotify.com/playlist/22gaMJhJGXA2xszHeUhVmv"
    },
    "followers": {
        "href": null,
        "total": 0
    },
    "href": "https://api.spotify.com/v1/playlists/22gaMJhJGXA2xszHeUhVmv",
    "id": "22gaMJhJGXA2xszHeUhVmv",
    "images": [
        
    ],
    "name": "Update Name with pojo",
    "owner": {
        "display_name": "Pratik Thorve",
        "external_urls": {
            "spotify": "https://open.spotify.com/user/31ztswymwnzjxtw5ohbebplwf7zi"
        },
        "href": "https://api.spotify.com/v1/users/31ztswymwnzjxtw5ohbebplwf7zi",
        "id": "31ztswymwnzjxtw5ohbebplwf7zi",
        "type": "user",
        "uri": "spotify:user:31ztswymwnzjxtw5ohbebplwf7zi"
    },
    "primary_color": null,
    "public": false,
    "snapshot_id": "NSw0MjkyNDZlOTQ0M2Y2NTZmYzcyOTBiNDYyMzE3MmRiYmU5ZDZlZmYx",
    "tracks": {
        "href": "https://api.spotify.com/v1/playlists/22gaMJhJGXA2xszHeUhVmv/tracks?offset=0&limit=100",
        "items": [
            
        ],
        "limit": 100,
        "next": null,
        "offset": 0,
        "previous": null,
        "total": 0
    },
    "type": "playlist",
    "uri": "spotify:playlist:22gaMJhJGXA2xszHeUhVmv"
}
Playlist name is : Update Name with pojo
]]></system-out>
  </testcase>
  <testcase name="shouldBeAbleToUpdateAPlaylist" classname="com.spotify.oauth2.test.PlaylistTest" time="0.872">
    <system-out><![CDATA[Starting TestshouldBeAbleToUpdateAPlaylist
Thread Id1
Inside Get Token
Inside Spec builderhttps://api.spotify.comhttps://accounts.spotify.com
Request method:	PUT
Request URI:	https://api.spotify.com/v1/users/31ztswymwnzjxtw5ohbebplwf7zi/playlists/22gaMJhJGXA2xszHeUhVmv
Proxy:			<none>
Request params:	<none>
Query params:	<none>
Form params:	<none>
Path params:	<none>
Headers:		Authorization=Bearer BQCRQnFKAtzhLb3NcrdbygJi3xHfKW8CYUfEQ2cq4rpVn--qyAyVqLUGebjzy031kGEFcjm9WDZV8Ix54roPv3PSKeNl_yWQCVo6eQV13jmXCHRT4nvFGteSgJ9sZHzAXLusaRpxTSKbtIFwWTbqCx6lIaaTC1H8VpwKzYBFnhvpjf76kMGTUdtMc_qHKVyEa8TEo84wnxdZpDFB7uLLXRaWytkLFkViG3yg49rj8sLdFs5228lN
				Accept=*/*
				Content-Type=application/json
Cookies:		<none>
Multiparts:		<none>
Body:
{
    "description": "Update desciprtion with pojo",
    "name": "Update Name with pojo",
    "public": false
}
Request method:	PUT
Request URI:	https://api.spotify.com/v1/users/31ztswymwnzjxtw5ohbebplwf7zi/playlists/22gaMJhJGXA2xszHeUhVmv
Proxy:			<none>
Request params:	<none>
Query params:	<none>
Form params:	<none>
Path params:	<none>
Headers:		Authorization=Bearer BQCRQnFKAtzhLb3NcrdbygJi3xHfKW8CYUfEQ2cq4rpVn--qyAyVqLUGebjzy031kGEFcjm9WDZV8Ix54roPv3PSKeNl_yWQCVo6eQV13jmXCHRT4nvFGteSgJ9sZHzAXLusaRpxTSKbtIFwWTbqCx6lIaaTC1H8VpwKzYBFnhvpjf76kMGTUdtMc_qHKVyEa8TEo84wnxdZpDFB7uLLXRaWytkLFkViG3yg49rj8sLdFs5228lN
				Accept=*/*
				Content-Type=application/json
Cookies:		<none>
Multiparts:		<none>
Body:
{
    "description": "Update desciprtion with pojo",
    "name": "Update Name with pojo",
    "public": false
}
HTTP/1.1 200 OK
cache-control: private, max-age=0
x-robots-tag: noindex, nofollow
access-control-allow-origin: *
access-control-allow-headers: Accept, App-Platform, Authorization, Content-Type, Origin, Retry-After, Spotify-App-Version, X-Cloud-Trace-Context, client-token, content-access-token
access-control-allow-methods: GET, POST, OPTIONS, PUT, DELETE, PATCH
access-control-allow-credentials: true
access-control-max-age: 604800
Content-Length: 0
strict-transport-security: max-age=31536000
x-content-type-options: nosniff
date: Mon, 21 Jun 2021 10:58:57 GMT
server: envoy
Via: HTTP/2 edgeproxy, 1.1 google
Alt-Svc: clear
]]></system-out>
  </testcase>
</testsuite>