<?xml version="1.0" encoding="UTF-8"?>
<!-- Generated by org.testng.reporters.JUnitReportReporter -->
<testsuite skipped="0" hostname="VI205077" name="com.spotify.oauth2.test.PlaylistTest" tests="1" failures="0" timestamp="2021-06-15T17:08:48 IST" time="2.876" errors="0">
  <testcase name="negativeTestCreatePlaylistWithNoBody" time="2.876" classname="com.spotify.oauth2.test.PlaylistTest"/>
  <system-out/>
</testsuite> <!-- com.spotify.oauth2.test.PlaylistTest -->
