<?xml version="1.0" encoding="UTF-8"?>
<!-- Generated by org.testng.reporters.JUnitReportReporter -->
<testsuite skipped="0" hostname="VI205077" name="com.spotify.oauth2.test.PlaylistTest" tests="6" failures="0" timestamp="2021-06-21T16:28:57 IST" time="13.018" errors="0">
  <testcase name="shouldBeAbleToGetAPlaylist" time="0.645" classname="com.spotify.oauth2.test.PlaylistTest"/>
  <system-out/>
  <testcase name="shouldBeAbleToCreatePlaylist" time="0.912" classname="com.spotify.oauth2.test.PlaylistTest"/>
  <system-out/>
  <testcase name="negativeTestCreatePlaylistWithNoBody" time="1.836" classname="com.spotify.oauth2.test.PlaylistTest"/>
  <system-out/>
  <testcase name="negativeTestCreatePlaylistWithExpiredToken" time="1.166" classname="com.spotify.oauth2.test.PlaylistTest"/>
  <system-out/>
  <testcase name="getUserDetails" time="7.722" classname="com.spotify.oauth2.test.PlaylistTest"/>
  <system-out/>
  <testcase name="shouldBeAbleToUpdateAPlaylist" time="0.737" classname="com.spotify.oauth2.test.PlaylistTest"/>
  <system-out/>
</testsuite> <!-- com.spotify.oauth2.test.PlaylistTest -->
