<?xml version="1.0" encoding="UTF-8"?>
<!-- Generated by org.testng.reporters.JUnitReportReporter -->
<testsuite skipped="0" hostname="VI205077" name="com.spotify.oauth2.test.PlaylistTest" tests="6" failures="0" timestamp="2021-06-22T10:47:51 IST" time="14.092" errors="0">
  <testcase name="getUserDetails" time="8.263" classname="com.spotify.oauth2.test.PlaylistTest"/>
  <system-out/>
  <testcase name="shouldBeAbleToUpdateAPlaylist" time="0.742" classname="com.spotify.oauth2.test.PlaylistTest"/>
  <system-out/>
  <testcase name="negativeTestCreatePlaylistWithExpiredToken" time="1.267" classname="com.spotify.oauth2.test.PlaylistTest"/>
  <system-out/>
  <testcase name="shouldBeAbleToGetAPlaylist" time="0.716" classname="com.spotify.oauth2.test.PlaylistTest"/>
  <system-out/>
  <testcase name="shouldBeAbleToCreatePlaylist" time="1.353" classname="com.spotify.oauth2.test.PlaylistTest"/>
  <system-out/>
  <testcase name="negativeTestCreatePlaylistWithNoBody" time="1.751" classname="com.spotify.oauth2.test.PlaylistTest"/>
  <system-out/>
</testsuite> <!-- com.spotify.oauth2.test.PlaylistTest -->
